<?xml version="1.0" encoding="UTF-8"?>
<!-- Generated by org.testng.reporters.JUnitReportReporter -->
<testsuite skipped="0" hostname="LV11V73Z2" name="testTable.SeleniumDay13.TablePractice" tests="1" failures="0" timestamp="2021-09-03T08:44:29 NPT" time="32.646" errors="0">
  <testcase name="tableTest" time="32.646" classname="testTable.SeleniumDay13.TablePractice"/>
  <system-out/>
</testsuite> <!-- testTable.SeleniumDay13.TablePractice -->
