<?xml version="1.0" encoding="UTF-8"?>
<!-- Generated by org.testng.reporters.JUnitReportReporter -->
<testsuite skipped="0" hostname="LV11V73Z2" name="testAttribute.SeleniumDay15.SeleniumDay15" tests="1" failures="0" timestamp="2021-09-15T07:45:24 NPT" time="19.080" errors="0">
  <testcase name="handlingAlertsTest" time="19.080" classname="testAttribute.SeleniumDay15.SeleniumDay15"/>
  <system-out/>
</testsuite> <!-- testAttribute.SeleniumDay15.SeleniumDay15 -->
