<?xml version="1.0" encoding="UTF-8"?>
<!-- Generated by org.testng.reporters.JUnitReportReporter -->
<testsuite skipped="0" hostname="LV11V73Z2" name="testAttribute.SeleniumDay15.SeleniumDay15" tests="3" failures="0" timestamp="2021-09-23T06:46:45 NPT" time="47.398" errors="0">
  <testcase name="attributeTest" time="15.832" classname="testAttribute.SeleniumDay15.SeleniumDay15"/>
  <system-out/>
  <testcase name="windowsAuthTest" time="11.411" classname="testAttribute.SeleniumDay15.SeleniumDay15"/>
  <system-out/>
  <testcase name="handlingAlertsTest" time="20.155" classname="testAttribute.SeleniumDay15.SeleniumDay15"/>
  <system-out/>
</testsuite> <!-- testAttribute.SeleniumDay15.SeleniumDay15 -->
