<?xml version="1.0" encoding="UTF-8"?>
<!-- Generated by org.testng.reporters.JUnitReportReporter -->
<testsuite skipped="0" hostname="LV11V73Z2" name="testAttribute.SeleniumDay15.SeleniumDay21" tests="2" failures="0" timestamp="2021-09-20T22:31:50 NPT" time="47.350" errors="0">
  <testcase name="iframeTest" time="35.271" classname="testAttribute.SeleniumDay15.SeleniumDay21"/>
  <system-out/>
  <testcase name="flightTest" time="12.079" classname="testAttribute.SeleniumDay15.SeleniumDay21"/>
  <system-out/>
</testsuite> <!-- testAttribute.SeleniumDay15.SeleniumDay21 -->
