<?xml version="1.0" encoding="UTF-8"?>
<!-- Generated by org.testng.reporters.JUnitReportReporter -->
<testsuite skipped="0" hostname="LV11V73Z2" name="testAttribute.SeleniumDay15.SeleniumDay15" tests="1" failures="0" timestamp="2021-09-04T08:16:54 NPT" time="26.526" errors="0">
  <testcase name="attributeTest" time="26.526" classname="testAttribute.SeleniumDay15.SeleniumDay15"/>
  <system-out/>
</testsuite> <!-- testAttribute.SeleniumDay15.SeleniumDay15 -->
