<?xml version="1.0" encoding="UTF-8"?>
<!-- Generated by org.testng.reporters.JUnitReportReporter -->
<testsuite skipped="0" hostname="LV11V73Z2" name="testAttribute.SeleniumDay15.SeleniumDay15" tests="1" failures="0" timestamp="2021-09-24T07:19:07 NPT" time="14.718" errors="0">
  <testcase name="windowsAuthTest" time="14.718" classname="testAttribute.SeleniumDay15.SeleniumDay15"/>
  <system-out/>
</testsuite> <!-- testAttribute.SeleniumDay15.SeleniumDay15 -->
