<?xml version="1.0" encoding="UTF-8"?>
<!-- Generated by org.testng.reporters.JUnitReportReporter -->
<testsuite skipped="0" hostname="LV11V73Z2" name="testAttribute.SeleniumDay15.SeleniumDay21" tests="1" failures="0" timestamp="2021-09-16T06:43:15 NPT" time="27.383" errors="0">
  <testcase name="iframeTest" time="27.383" classname="testAttribute.SeleniumDay15.SeleniumDay21"/>
  <system-out/>
</testsuite> <!-- testAttribute.SeleniumDay15.SeleniumDay21 -->
