<?xml version="1.0" encoding="UTF-8"?>
<!-- Generated by org.testng.reporters.JUnitReportReporter -->
<testsuite skipped="0" hostname="LV11V73Z2" name="testAttribute.SeleniumDay15.BrowserCaps" tests="1" failures="0" timestamp="2021-09-17T07:04:30 NPT" time="11.579" errors="0">
  <testcase name="f" time="11.579" classname="testAttribute.SeleniumDay15.BrowserCaps"/>
  <system-out/>
</testsuite> <!-- testAttribute.SeleniumDay15.BrowserCaps -->
