<?xml version="1.0" encoding="UTF-8"?>
<!-- Generated by org.testng.reporters.JUnitReportReporter -->
<testsuite skipped="0" hostname="LV11V73Z2" name="downAndUp.SeleniumDay26.Headless" tests="1" failures="0" timestamp="2021-09-28T06:43:04 NPT" time="9.114" errors="0">
  <testcase name="headlessBrowser" time="9.114" classname="downAndUp.SeleniumDay26.Headless"/>
  <system-out/>
</testsuite> <!-- downAndUp.SeleniumDay26.Headless -->
