<?xml version="1.0" encoding="UTF-8"?>
<!-- Generated by org.testng.reporters.JUnitReportReporter -->
<testsuite skipped="0" hostname="LV11V73Z2" name="downAndUp.SeleniumDay26.UploadAndDownload" tests="1" failures="0" timestamp="2021-09-23T07:24:15 NPT" time="18.264" errors="0">
  <testcase name="fileUploadTest" time="18.264" classname="downAndUp.SeleniumDay26.UploadAndDownload"/>
  <system-out/>
</testsuite> <!-- downAndUp.SeleniumDay26.UploadAndDownload -->
