<?xml version="1.0" encoding="UTF-8"?>
<!-- Generated by org.testng.reporters.JUnitReportReporter -->
<testsuite skipped="0" hostname="LV11V73Z2" name="downAndUp.SeleniumDay26.DataDivenTestPractice" tests="1" failures="0" timestamp="2021-09-28T07:22:07 NPT" time="10.968" errors="0">
  <testcase name="writeToExcel" time="10.968" classname="downAndUp.SeleniumDay26.DataDivenTestPractice"/>
  <system-out/>
</testsuite> <!-- downAndUp.SeleniumDay26.DataDivenTestPractice -->
