<?xml version="1.0" encoding="UTF-8"?>
<!-- Generated by org.testng.reporters.JUnitReportReporter -->
<testsuite skipped="0" hostname="LV11V73Z2" name="testngDay.SeleniumTestNG.SeleniumExtentReports" tests="1" failures="0" timestamp="2021-08-31T08:48:16 NPT" time="20.337" errors="0">
  <testcase name="loginTest" time="20.337" classname="testngDay.SeleniumTestNG.SeleniumExtentReports"/>
  <system-out/>
</testsuite> <!-- testngDay.SeleniumTestNG.SeleniumExtentReports -->
