<?xml version="1.0" encoding="UTF-8"?>
<!-- Generated by org.testng.reporters.JUnitReportReporter -->
<testsuite skipped="0" hostname="LV11V73Z2" name="testngDay.SeleniumTestNG.SeleniumExtentReports" tests="1" failures="0" timestamp="2021-08-28T08:37:39 NPT" time="10.906" errors="0">
  <testcase name="loginTest" time="10.906" classname="testngDay.SeleniumTestNG.SeleniumExtentReports"/>
  <system-out/>
</testsuite> <!-- testngDay.SeleniumTestNG.SeleniumExtentReports -->
