<?xml version="1.0" encoding="UTF-8"?>
<!-- Generated by org.testng.reporters.JUnitReportReporter -->
<testsuite skipped="0" hostname="LV11V73Z2" name="testngDay.SeleniumTestNG.DiffDriverTest" tests="1" failures="0" timestamp="2021-08-27T09:05:33 NPT" time="11.355" errors="0">
  <testcase name="loginTest" time="11.355" classname="testngDay.SeleniumTestNG.DiffDriverTest"/>
  <system-out/>
</testsuite> <!-- testngDay.SeleniumTestNG.DiffDriverTest -->
