<?xml version="1.0" encoding="UTF-8"?>
<!-- Generated by org.testng.reporters.JUnitReportReporter -->
<testsuite skipped="0" hostname="LV11V73Z2" name="testngDay.SeleniumTestNG.SeleniumExtentReports" tests="1" failures="0" timestamp="2021-09-15T07:31:17 NPT" time="21.020" errors="0">
  <testcase name="test2" time="21.020" classname="testngDay.SeleniumTestNG.SeleniumExtentReports"/>
  <system-out/>
</testsuite> <!-- testngDay.SeleniumTestNG.SeleniumExtentReports -->
