<?xml version="1.0" encoding="UTF-8"?>
<!-- Generated by org.testng.reporters.JUnitReportReporter -->
<testsuite skipped="0" hostname="LV11V73Z2" name="testngDay.SeleniumTestNG.SeleniumTestNGPractice" tests="3" failures="0" timestamp="2021-08-26T08:10:45 NPT" time="27.320" errors="0">
  <testcase name="loginTest" time="10.062" classname="testngDay.SeleniumTestNG.SeleniumTestNGPractice"/>
  <system-out/>
  <testcase name="testTest" time="6.686" classname="testngDay.SeleniumTestNG.SeleniumTestNGPractice"/>
  <system-out/>
  <testcase name="contactsTest" time="10.572" classname="testngDay.SeleniumTestNG.SeleniumTestNGPractice"/>
  <system-out/>
</testsuite> <!-- testngDay.SeleniumTestNG.SeleniumTestNGPractice -->
