<?xml version="1.0" encoding="UTF-8"?>
<!-- Generated by org.testng.reporters.JUnitReportReporter -->
<testsuite skipped="0" hostname="LV11V73Z2" name="testngDay.SeleniumTestNG.SeleniumExtentReports" tests="1" failures="0" timestamp="2021-09-02T09:02:51 NPT" time="45.812" errors="0">
  <testcase name="testParentChildre" time="45.812" classname="testngDay.SeleniumTestNG.SeleniumExtentReports"/>
  <system-out/>
</testsuite> <!-- testngDay.SeleniumTestNG.SeleniumExtentReports -->
