<?xml version="1.0" encoding="UTF-8"?>
<!-- Generated by org.testng.reporters.JUnitReportReporter -->
<testsuite skipped="0" hostname="LV11V73Z2" name="testDropDown.SeleniumDay12.TaxCalculator" tests="1" failures="0" timestamp="2021-09-02T08:40:13 NPT" time="12.775" errors="0">
  <testcase name="calculateTax" time="12.775" classname="testDropDown.SeleniumDay12.TaxCalculator"/>
  <system-out/>
</testsuite> <!-- testDropDown.SeleniumDay12.TaxCalculator -->
